MoPub/mopub-sample/build/outputs/logs/manifest-merger-debug-report.txt
-- Merging decision tree log ---
manifest
ADDED from AndroidManifest.xml:2:1
	package
		ADDED from AndroidManifest.xml:3:7
	android:versionName
		ADDED from AndroidManifest.xml:5:7
		INJECTED from AndroidManifest.xml:0:0
		INJECTED from AndroidManifest.xml:0:0
	android:versionCode
		ADDED from AndroidManifest.xml:4:7
		INJECTED from AndroidManifest.xml:0:0
		INJECTED from AndroidManifest.xml:0:0
	xmlns:android
		ADDED from AndroidManifest.xml:2:11
uses-sdk
ADDED from AndroidManifest.xml:6:5
MERGED from com.google.android.gms:play-services:5.0.89:15:5
MERGED from com.mopub:mopub-sdk:unspecified:7:5
	android:targetSdkVersion
		ADDED from AndroidManifest.xml:7:15
		INJECTED from AndroidManifest.xml:0:0
		INJECTED from AndroidManifest.xml:0:0
	android:minSdkVersion
		ADDED from AndroidManifest.xml:6:15
		INJECTED from AndroidManifest.xml:0:0
		INJECTED from AndroidManifest.xml:0:0
uses-permission#android.permission.INTERNET
ADDED from AndroidManifest.xml:9:5
	android:name
		ADDED from AndroidManifest.xml:9:22
uses-permission#android.permission.ACCESS_COARSE_LOCATION
ADDED from AndroidManifest.xml:10:5
	android:name
		ADDED from AndroidManifest.xml:10:22
uses-permission#android.permission.ACCESS_NETWORK_STATE
ADDED from AndroidManifest.xml:11:5
	android:name
		ADDED from AndroidManifest.xml:11:22
uses-permission#android.permission.WRITE_EXTERNAL_STORAGE
ADDED from AndroidManifest.xml:15:5
	android:name
		ADDED from AndroidManifest.xml:15:22
application
ADDED from AndroidManifest.xml:17:5
MERGED from com.google.android.gms:play-services:5.0.89:16:5
	android:label
		ADDED from AndroidManifest.xml:17:48
	android:icon
		ADDED from AndroidManifest.xml:17:18
activity#com.mopub.simpleadsdemo.MoPubSampleActivity
ADDED from AndroidManifest.xml:18:6
	android:label
		ADDED from AndroidManifest.xml:19:14
	android:configChanges
		ADDED from AndroidManifest.xml:20:17
	android:name
		ADDED from AndroidManifest.xml:18:16
intent-filter#android.intent.action.MAIN+android.intent.category.LAUNCHER
ADDED from AndroidManifest.xml:21:10
action#android.intent.action.MAIN
ADDED from AndroidManifest.xml:22:14
	android:name
		ADDED from AndroidManifest.xml:22:22
category#android.intent.category.LAUNCHER
ADDED from AndroidManifest.xml:23:14
	android:name
		ADDED from AndroidManifest.xml:23:24
activity#com.mopub.mobileads.MoPubActivity
ADDED from AndroidManifest.xml:26:9
	android:configChanges
		ADDED from AndroidManifest.xml:27:17
	android:name
		ADDED from AndroidManifest.xml:26:19
activity#com.mopub.mobileads.MraidActivity
ADDED from AndroidManifest.xml:28:9
	android:configChanges
		ADDED from AndroidManifest.xml:29:17
	android:name
		ADDED from AndroidManifest.xml:28:19
activity#com.mopub.common.MoPubBrowser
ADDED from AndroidManifest.xml:30:9
	android:configChanges
		ADDED from AndroidManifest.xml:31:17
	android:name
		ADDED from AndroidManifest.xml:30:19
activity#com.mopub.mobileads.MraidVideoPlayerActivity
ADDED from AndroidManifest.xml:32:9
	android:configChanges
		ADDED from AndroidManifest.xml:33:17
	android:name
		ADDED from AndroidManifest.xml:32:19
meta-data#com.google.android.gms.version
ADDED from AndroidManifest.xml:35:9
	android:value
		ADDED from AndroidManifest.xml:36:20
	android:name
		ADDED from AndroidManifest.xml:35:20